<?xml version="1.0" encoding="UTF-8"?>
<testsuite xmlns:xsi="http://www.w3.org/2001/XMLSchema-instance" xsi:noNamespaceSchemaLocation="https://maven.apache.org/surefire/maven-surefire-plugin/xsd/surefire-test-report.xsd" name="project.repository.SaloonRepositoryTest" time="1.673" tests="5" errors="0" skipped="0" failures="0">
  <properties>
[...]
</properties>
  <testcase name="deleteByName" classname="project.repository.SaloonRepositoryTest" time="0.316"/>
  <testcase name="findByNameContainsIgnoreCase" classname="project.repository.SaloonRepositoryTest" time="0.308"/>
  <testcase name="findAll" classname="project.repository.SaloonRepositoryTest" time="0.281"/>
  <testcase name="deleteAll" classname="project.repository.SaloonRepositoryTest" time="0.316"/>
  <testcase name="getSaloonById" classname="project.repository.SaloonRepositoryTest" time="0.238"/>
</testsuite>